# JRE version: Java(TM) SE Runtime Environment 18.9 (11.0.10+8) (build 11.0.10+8-LTS-162)
# Java VM: Java HotSpot(TM) 64-Bit Server VM 18.9 (11.0.10+8-LTS-162, mixed mode, tiered, compressed oops, g1 gc, windows-amd64)
Heap:
 garbage-first heap   total 189440K, used 37463K [0x0000000081c00000, 0x0000000100000000)
  region size 1024K, 22 young (22528K), 9 survivors (9216K)
 Metaspace       used 59892K, capacity 61104K, committed 61312K, reserved 1101824K
  class space    used 7538K, capacity 8015K, committed 8064K, reserved 1048576K
GC Heap History (10 events):
Event: 3.220 GC heap before
{Heap before GC invocations=6 (full 0):
 garbage-first heap   total 131072K, used 84544K [0x0000000081c00000, 0x0000000100000000)
  region size 1024K, 76 young (77824K), 4 survivors (4096K)
 Metaspace       used 25947K, capacity 26566K, committed 26752K, reserved 1073152K
  class space    used 2876K, capacity 3094K, committed 3200K, reserved 1048576K
}
Event: 3.228 GC heap after
{Heap after GC invocations=7 (full 0):
 garbage-first heap   total 157696K, used 12899K [0x0000000081c00000, 0x0000000100000000)
  region size 1024K, 5 young (5120K), 5 survivors (5120K)
 Metaspace       used 25947K, capacity 26566K, committed 26752K, reserved 1073152K
  class space    used 2876K, capacity 3094K, committed 3200K, reserved 1048576K
}
Event: 6.113 GC heap before
{Heap before GC invocations=7 (full 0):
 garbage-first heap   total 157696K, used 95843K [0x0000000081c00000, 0x0000000100000000)
  region size 1024K, 87 young (89088K), 5 survivors (5120K)
 Metaspace       used 34912K, capacity 35727K, committed 35840K, reserved 1081344K
  class space    used 4028K, capacity 4379K, committed 4480K, reserved 1048576K
}
Event: 6.128 GC heap after
{Heap after GC invocations=8 (full 0):
 garbage-first heap   total 157696K, used 16384K [0x0000000081c00000, 0x0000000100000000)
  region size 1024K, 8 young (8192K), 8 survivors (8192K)
 Metaspace       used 34912K, capacity 35727K, committed 35840K, reserved 1081344K
  class space    used 4028K, capacity 4379K, committed 4480K, reserved 1048576K
}
Event: 7.459 GC heap before
{Heap before GC invocations=9 (full 0):
 garbage-first heap   total 157696K, used 101376K [0x0000000081c00000, 0x0000000100000000)
  region size 1024K, 92 young (94208K), 8 survivors (8192K)
 Metaspace       used 41697K, capacity 42668K, committed 42880K, reserved 1087488K
  class space    used 5082K, capacity 5495K, committed 5504K, reserved 1048576K
}
Event: 7.475 GC heap after
{Heap after GC invocations=10 (full 0):
 garbage-first heap   total 157696K, used 18354K [0x0000000081c00000, 0x0000000100000000)
  region size 1024K, 8 young (8192K), 8 survivors (8192K)
 Metaspace       used 41697K, capacity 42668K, committed 42880K, reserved 1087488K
  class space    used 5082K, capacity 5495K, committed 5504K, reserved 1048576K
}
Event: 10.843 GC heap before
{Heap before GC invocations=10 (full 0):
 garbage-first heap   total 157696K, used 104370K [0x0000000081c00000, 0x0000000100000000)
  region size 1024K, 92 young (94208K), 8 survivors (8192K)
 Metaspace       used 54557K, capacity 55536K, committed 55680K, reserved 1097728K
  class space    used 6842K, capacity 7234K, committed 7296K, reserved 1048576K
}
Event: 10.860 GC heap after
{Heap after GC invocations=11 (full 0):
 garbage-first heap   total 157696K, used 22134K [0x0000000081c00000, 0x0000000100000000)
  region size 1024K, 10 young (10240K), 10 survivors (10240K)
 Metaspace       used 54557K, capacity 55536K, committed 55680K, reserved 1097728K
  class space    used 6842K, capacity 7234K, committed 7296K, reserved 1048576K
}
Event: 13.772 GC heap before
{Heap before GC invocations=11 (full 0):
 garbage-first heap   total 157696K, used 72310K [0x0000000081c00000, 0x0000000100000000)
  region size 1024K, 60 young (61440K), 10 survivors (10240K)
 Metaspace       used 58899K, capacity 60016K, committed 60160K, reserved 1101824K
  class space    used 7381K, capacity 7829K, committed 7936K, reserved 1048576K
}
Event: 13.793 GC heap after
{Heap after GC invocations=12 (full 0):
 garbage-first heap   total 189440K, used 25175K [0x0000000081c00000, 0x0000000100000000)
  region size 1024K, 9 young (9216K), 9 survivors (9216K)
 Metaspace       used 58899K, capacity 60016K, committed 60160K, reserved 1101824K
  class space    used 7381K, capacity 7829K, committed 7936K, reserved 1048576K
}

