# JRE version: Java(TM) SE Runtime Environment 18.9 (11.0.10+8) (build 11.0.10+8-LTS-162)
# Java VM: Java HotSpot(TM) 64-Bit Server VM 18.9 (11.0.10+8-LTS-162, mixed mode, tiered, compressed oops, g1 gc, windows-amd64)
Heap:
 garbage-first heap   total 157696K, used 16762K [0x0000000081c00000, 0x0000000100000000)
  region size 1024K, 8 young (8192K), 8 survivors (8192K)
 Metaspace       used 34782K, capacity 35763K, committed 35840K, reserved 1081344K
  class space    used 4071K, capacity 4475K, committed 4480K, reserved 1048576K
GC Heap History (10 events):
Event: 2.493 GC heap after
{Heap after GC invocations=3 (full 0):
 garbage-first heap   total 131072K, used 10011K [0x0000000081c00000, 0x0000000100000000)
  region size 1024K, 2 young (2048K), 2 survivors (2048K)
 Metaspace       used 14054K, capacity 14494K, committed 14720K, reserved 1062912K
  class space    used 1443K, capacity 1616K, committed 1664K, reserved 1048576K
}
Event: 3.762 GC heap before
{Heap before GC invocations=3 (full 0):
 garbage-first heap   total 131072K, used 40731K [0x0000000081c00000, 0x0000000100000000)
  region size 1024K, 32 young (32768K), 2 survivors (2048K)
 Metaspace       used 19595K, capacity 20177K, committed 20352K, reserved 1067008K
  class space    used 2134K, capacity 2364K, committed 2432K, reserved 1048576K
}
Event: 3.786 GC heap after
{Heap after GC invocations=4 (full 0):
 garbage-first heap   total 131072K, used 11408K [0x0000000081c00000, 0x0000000100000000)
  region size 1024K, 4 young (4096K), 4 survivors (4096K)
 Metaspace       used 19595K, capacity 20177K, committed 20352K, reserved 1067008K
  class space    used 2134K, capacity 2364K, committed 2432K, reserved 1048576K
}
Event: 3.928 GC heap before
{Heap before GC invocations=4 (full 0):
 garbage-first heap   total 131072K, used 17552K [0x0000000081c00000, 0x0000000100000000)
  region size 1024K, 11 young (11264K), 4 survivors (4096K)
 Metaspace       used 20603K, capacity 21205K, committed 21248K, reserved 1069056K
  class space    used 2267K, capacity 2545K, committed 2560K, reserved 1048576K
}
Event: 3.933 GC heap after
{Heap after GC invocations=5 (full 0):
 garbage-first heap   total 131072K, used 11756K [0x0000000081c00000, 0x0000000100000000)
  region size 1024K, 4 young (4096K), 4 survivors (4096K)
 Metaspace       used 20603K, capacity 21205K, committed 21248K, reserved 1069056K
  class space    used 2267K, capacity 2545K, committed 2560K, reserved 1048576K
}
Event: 5.552 GC heap before
{Heap before GC invocations=6 (full 0):
 garbage-first heap   total 131072K, used 63980K [0x0000000081c00000, 0x0000000100000000)
  region size 1024K, 55 young (56320K), 4 survivors (4096K)
 Metaspace       used 28188K, capacity 29044K, committed 29312K, reserved 1075200K
  class space    used 3240K, capacity 3585K, committed 3712K, reserved 1048576K
}
Event: 5.560 GC heap after
{Heap after GC invocations=7 (full 0):
 garbage-first heap   total 131072K, used 13663K [0x0000000081c00000, 0x0000000100000000)
  region size 1024K, 6 young (6144K), 6 survivors (6144K)
 Metaspace       used 28188K, capacity 29044K, committed 29312K, reserved 1075200K
  class space    used 3240K, capacity 3585K, committed 3712K, reserved 1048576K
}
Event: 6.655 GC heap before
{Heap before GC invocations=7 (full 0):
 garbage-first heap   total 131072K, used 83295K [0x0000000081c00000, 0x0000000100000000)
  region size 1024K, 75 young (76800K), 6 survivors (6144K)
 Metaspace       used 29776K, capacity 30664K, committed 30976K, reserved 1077248K
  class space    used 3416K, capacity 3779K, committed 3840K, reserved 1048576K
}
Event: 6.664 GC heap after
{Heap after GC invocations=8 (full 0):
 garbage-first heap   total 131072K, used 14641K [0x0000000081c00000, 0x0000000100000000)
  region size 1024K, 7 young (7168K), 7 survivors (7168K)
 Metaspace       used 29776K, capacity 30664K, committed 30976K, reserved 1077248K
  class space    used 3416K, capacity 3779K, committed 3840K, reserved 1048576K
}
Event: 8.281 GC heap before
{Heap before GC invocations=8 (full 0):
 garbage-first heap   total 131072K, used 82225K [0x0000000081c00000, 0x0000000100000000)
  region size 1024K, 74 young (75776K), 7 survivors (7168K)
 Metaspace       used 34782K, capacity 35763K, committed 35840K, reserved 1081344K
  class space    used 4071K, capacity 4475K, committed 4480K, reserved 1048576K
}

