# JRE version: Java(TM) SE Runtime Environment 18.9 (11.0.10+8) (build 11.0.10+8-LTS-162)
# Java VM: Java HotSpot(TM) 64-Bit Server VM 18.9 (11.0.10+8-LTS-162, mixed mode, tiered, compressed oops, g1 gc, windows-amd64)
Heap:
 garbage-first heap   total 131072K, used 74133K [0x0000000081c00000, 0x0000000100000000)
  region size 1024K, 66 young (67584K), 5 survivors (5120K)
 Metaspace       used 33026K, capacity 33905K, committed 34172K, reserved 1079296K
  class space    used 3829K, capacity 4201K, committed 4300K, reserved 1048576K
GC Heap History (10 events):
Event: 1.270 GC heap before
{Heap before GC invocations=1 (full 0):
 garbage-first heap   total 131072K, used 15230K [0x0000000081c00000, 0x0000000100000000)
  region size 1024K, 9 young (9216K), 2 survivors (2048K)
 Metaspace       used 11376K, capacity 11553K, committed 11776K, reserved 1060864K
  class space    used 1100K, capacity 1169K, committed 1280K, reserved 1048576K
}
Event: 1.274 GC heap after
{Heap after GC invocations=2 (full 0):
 garbage-first heap   total 131072K, used 8529K [0x0000000081c00000, 0x0000000100000000)
  region size 1024K, 1 young (1024K), 1 survivors (1024K)
 Metaspace       used 11376K, capacity 11553K, committed 11776K, reserved 1060864K
  class space    used 1100K, capacity 1169K, committed 1280K, reserved 1048576K
}
Event: 1.897 GC heap before
{Heap before GC invocations=2 (full 0):
 garbage-first heap   total 131072K, used 31057K [0x0000000081c00000, 0x0000000100000000)
  region size 1024K, 24 young (24576K), 1 survivors (1024K)
 Metaspace       used 17966K, capacity 18377K, committed 18688K, reserved 1067008K
  class space    used 1816K, capacity 1992K, committed 2048K, reserved 1048576K
}
Event: 1.901 GC heap after
{Heap after GC invocations=3 (full 0):
 garbage-first heap   total 131072K, used 9734K [0x0000000081c00000, 0x0000000100000000)
  region size 1024K, 2 young (2048K), 2 survivors (2048K)
 Metaspace       used 17966K, capacity 18377K, committed 18688K, reserved 1067008K
  class space    used 1816K, capacity 1992K, committed 2048K, reserved 1048576K
}
Event: 2.140 GC heap before
{Heap before GC invocations=3 (full 0):
 garbage-first heap   total 131072K, used 22022K [0x0000000081c00000, 0x0000000100000000)
  region size 1024K, 15 young (15360K), 2 survivors (2048K)
 Metaspace       used 20725K, capacity 21181K, committed 21296K, reserved 1069056K
  class space    used 2238K, capacity 2419K, committed 2432K, reserved 1048576K
}
Event: 2.146 GC heap after
{Heap after GC invocations=4 (full 0):
 garbage-first heap   total 131072K, used 10143K [0x0000000081c00000, 0x0000000100000000)
  region size 1024K, 3 young (3072K), 3 survivors (3072K)
 Metaspace       used 20725K, capacity 21181K, committed 21296K, reserved 1069056K
  class space    used 2238K, capacity 2419K, committed 2432K, reserved 1048576K
}
Event: 3.108 GC heap before
{Heap before GC invocations=5 (full 0):
 garbage-first heap   total 131072K, used 53151K [0x0000000081c00000, 0x0000000100000000)
  region size 1024K, 46 young (47104K), 3 survivors (3072K)
 Metaspace       used 24148K, capacity 24742K, committed 24828K, reserved 1071104K
  class space    used 2671K, capacity 2877K, committed 2892K, reserved 1048576K
}
Event: 3.114 GC heap after
{Heap after GC invocations=6 (full 0):
 garbage-first heap   total 131072K, used 11449K [0x0000000081c00000, 0x0000000100000000)
  region size 1024K, 4 young (4096K), 4 survivors (4096K)
 Metaspace       used 24148K, capacity 24742K, committed 24828K, reserved 1071104K
  class space    used 2671K, capacity 2877K, committed 2892K, reserved 1048576K
}
Event: 4.048 GC heap before
{Heap before GC invocations=6 (full 0):
 garbage-first heap   total 131072K, used 84153K [0x0000000081c00000, 0x0000000100000000)
  region size 1024K, 76 young (77824K), 4 survivors (4096K)
 Metaspace       used 25870K, capacity 26463K, committed 26620K, reserved 1073152K
  class space    used 2851K, capacity 3081K, committed 3148K, reserved 1048576K
}
Event: 4.055 GC heap after
{Heap after GC invocations=7 (full 0):
 garbage-first heap   total 131072K, used 12693K [0x0000000081c00000, 0x0000000100000000)
  region size 1024K, 5 young (5120K), 5 survivors (5120K)
 Metaspace       used 25870K, capacity 26463K, committed 26620K, reserved 1073152K
  class space    used 2851K, capacity 3081K, committed 3148K, reserved 1048576K
}

