# JRE version: Java(TM) SE Runtime Environment 18.9 (11.0.10+8) (build 11.0.10+8-LTS-162)
# Java VM: Java HotSpot(TM) 64-Bit Server VM 18.9 (11.0.10+8-LTS-162, mixed mode, tiered, compressed oops, g1 gc, windows-amd64)
Heap:
 garbage-first heap   total 172032K, used 81493K [0x0000000081c00000, 0x0000000100000000)
  region size 1024K, 73 young (74752K), 5 survivors (5120K)
 Metaspace       used 32311K, capacity 33160K, committed 33276K, reserved 1079296K
  class space    used 3705K, capacity 4059K, committed 4172K, reserved 1048576K
GC Heap History (10 events):
Event: 1.385 GC heap before
{Heap before GC invocations=1 (full 0):
 garbage-first heap   total 131072K, used 19387K [0x0000000081c00000, 0x0000000100000000)
  region size 1024K, 13 young (13312K), 2 survivors (2048K)
 Metaspace       used 12353K, capacity 12514K, committed 12672K, reserved 1060864K
  class space    used 1208K, capacity 1281K, committed 1408K, reserved 1048576K
}
Event: 1.420 GC heap after
{Heap after GC invocations=2 (full 0):
 garbage-first heap   total 131072K, used 9069K [0x0000000081c00000, 0x0000000100000000)
  region size 1024K, 1 young (1024K), 1 survivors (1024K)
 Metaspace       used 12353K, capacity 12514K, committed 12672K, reserved 1060864K
  class space    used 1208K, capacity 1281K, committed 1408K, reserved 1048576K
}
Event: 2.218 GC heap before
{Heap before GC invocations=2 (full 0):
 garbage-first heap   total 131072K, used 34669K [0x0000000081c00000, 0x0000000100000000)
  region size 1024K, 27 young (27648K), 1 survivors (1024K)
 Metaspace       used 19439K, capacity 19823K, committed 19968K, reserved 1067008K
  class space    used 2048K, capacity 2196K, committed 2304K, reserved 1048576K
}
Event: 2.222 GC heap after
{Heap after GC invocations=3 (full 0):
 garbage-first heap   total 131072K, used 10228K [0x0000000081c00000, 0x0000000100000000)
  region size 1024K, 2 young (2048K), 2 survivors (2048K)
 Metaspace       used 19439K, capacity 19823K, committed 19968K, reserved 1067008K
  class space    used 2048K, capacity 2196K, committed 2304K, reserved 1048576K
}
Event: 2.319 GC heap before
{Heap before GC invocations=3 (full 0):
 garbage-first heap   total 131072K, used 16372K [0x0000000081c00000, 0x0000000100000000)
  region size 1024K, 9 young (9216K), 2 survivors (2048K)
 Metaspace       used 20752K, capacity 21187K, committed 21296K, reserved 1069056K
  class space    used 2236K, capacity 2421K, committed 2432K, reserved 1048576K
}
Event: 2.324 GC heap after
{Heap after GC invocations=4 (full 0):
 garbage-first heap   total 131072K, used 10461K [0x0000000081c00000, 0x0000000100000000)
  region size 1024K, 3 young (3072K), 3 survivors (3072K)
 Metaspace       used 20752K, capacity 21187K, committed 21296K, reserved 1069056K
  class space    used 2236K, capacity 2421K, committed 2432K, reserved 1048576K
}
Event: 3.235 GC heap before
{Heap before GC invocations=5 (full 0):
 garbage-first heap   total 131072K, used 47325K [0x0000000081c00000, 0x0000000100000000)
  region size 1024K, 40 young (40960K), 3 survivors (3072K)
 Metaspace       used 24119K, capacity 24679K, committed 24828K, reserved 1071104K
  class space    used 2663K, capacity 2877K, committed 2892K, reserved 1048576K
}
Event: 3.242 GC heap after
{Heap after GC invocations=6 (full 0):
 garbage-first heap   total 131072K, used 11764K [0x0000000081c00000, 0x0000000100000000)
  region size 1024K, 4 young (4096K), 4 survivors (4096K)
 Metaspace       used 24119K, capacity 24679K, committed 24828K, reserved 1071104K
  class space    used 2663K, capacity 2877K, committed 2892K, reserved 1048576K
}
Event: 4.030 GC heap before
{Heap before GC invocations=6 (full 0):
 garbage-first heap   total 131072K, used 83444K [0x0000000081c00000, 0x0000000100000000)
  region size 1024K, 75 young (76800K), 4 survivors (4096K)
 Metaspace       used 25819K, capacity 26464K, committed 26620K, reserved 1073152K
  class space    used 2843K, capacity 3081K, committed 3148K, reserved 1048576K
}
Event: 4.042 GC heap after
{Heap after GC invocations=7 (full 0):
 garbage-first heap   total 172032K, used 12885K [0x0000000081c00000, 0x0000000100000000)
  region size 1024K, 5 young (5120K), 5 survivors (5120K)
 Metaspace       used 25819K, capacity 26464K, committed 26620K, reserved 1073152K
  class space    used 2843K, capacity 3081K, committed 3148K, reserved 1048576K
}

